<?xml version="1.0" encoding="UTF-8"?>
<testsuite xmlns:xsi="http://www.w3.org/2001/XMLSchema-instance" xsi:noNamespaceSchemaLocation="https://maven.apache.org/surefire/maven-surefire-plugin/xsd/surefire-test-report.xsd" name="ru.sfedu.buildingconstruction.api.DataProviderCSVTest" time="18.106" tests="103" errors="0" skipped="0" failures="0">
  <properties>
[...]
</properties>
  <testcase name="testGetGarageNegative" classname="ru.sfedu.buildingconstruction.api.DataProviderCSVTest" time="0.334"/>
  <testcase name="testUpdateClientNegative" classname="ru.sfedu.buildingconstruction.api.DataProviderCSVTest" time="0.011"/>
  <testcase name="testDeleteGaragePositive" classname="ru.sfedu.buildingconstruction.api.DataProviderCSVTest" time="0.743"/>
  <testcase name="calculationCostOfMaterialsPositive" classname="ru.sfedu.buildingconstruction.api.DataProviderCSVTest" time="0.026"/>
  <testcase name="testUpdateApartmentHouseToAnExistingRecord" classname="ru.sfedu.buildingconstruction.api.DataProviderCSVTest" time="0.256"/>
  <testcase name="testUpdateMaterialToAnExistingRecord" classname="ru.sfedu.buildingconstruction.api.DataProviderCSVTest" time="0.078"/>
  <testcase name="testDeleteGarageNegative" classname="ru.sfedu.buildingconstruction.api.DataProviderCSVTest" time="0.095"/>
  <testcase name="testAddConstructionEquipmentPositive" classname="ru.sfedu.buildingconstruction.api.DataProviderCSVTest" time="0.031"/>
  <testcase name="calculationCostOfMaterialsNegative" classname="ru.sfedu.buildingconstruction.api.DataProviderCSVTest" time="0.002"/>
  <testcase name="testUpdateApartmentHousePositive" classname="ru.sfedu.buildingconstruction.api.DataProviderCSVTest" time="0.553"/>
  <testcase name="testAddApartmentHousePositive" classname="ru.sfedu.buildingconstruction.api.DataProviderCSVTest" time="0.413"/>
  <testcase name="calculationCostOfConstructionEquipmentPositive" classname="ru.sfedu.buildingconstruction.api.DataProviderCSVTest" time="0.02"/>
  <testcase name="testGetMaterialPositive" classname="ru.sfedu.buildingconstruction.api.DataProviderCSVTest" time="0.029"/>
  <testcase name="testAddConstructionEquipmentNegative" classname="ru.sfedu.buildingconstruction.api.DataProviderCSVTest" time="0.039"/>
  <testcase name="testUpdateApartmentHouseNegative" classname="ru.sfedu.buildingconstruction.api.DataProviderCSVTest" time="0.283"/>
  <testcase name="distributionOfConstructionEquipmentPositive" classname="ru.sfedu.buildingconstruction.api.DataProviderCSVTest" time="0.127"/>
  <testcase name="testGetClientPositive" classname="ru.sfedu.buildingconstruction.api.DataProviderCSVTest" time="0.025"/>
  <testcase name="testAddApartmentHouseNegative" classname="ru.sfedu.buildingconstruction.api.DataProviderCSVTest" time="0.494"/>
  <testcase name="testUpdateConstructionEquipmentToAnExistingRecord" classname="ru.sfedu.buildingconstruction.api.DataProviderCSVTest" time="0.052"/>
  <testcase name="calculationCostOfConstructionEquipmentNegative" classname="ru.sfedu.buildingconstruction.api.DataProviderCSVTest" time="0.001"/>
  <testcase name="testGetMaterialNegative" classname="ru.sfedu.buildingconstruction.api.DataProviderCSVTest" time="0.026"/>
  <testcase name="distributionOfConstructionEquipmentNegative" classname="ru.sfedu.buildingconstruction.api.DataProviderCSVTest" time="0.003"/>
  <testcase name="testGetClientNegative" classname="ru.sfedu.buildingconstruction.api.DataProviderCSVTest" time="0.023"/>
  <testcase name="testDeleteClientPositive" classname="ru.sfedu.buildingconstruction.api.DataProviderCSVTest" time="0.046"/>
  <testcase name="testAddWorkerPositive" classname="ru.sfedu.buildingconstruction.api.DataProviderCSVTest" time="0.028"/>
  <testcase name="testDeleteBuildingNegative" classname="ru.sfedu.buildingconstruction.api.DataProviderCSVTest" time="0.003"/>
  <testcase name="testDeleteClientNegative" classname="ru.sfedu.buildingconstruction.api.DataProviderCSVTest" time="0.006"/>
  <testcase name="testGetAllWorkerRecordsPositive" classname="ru.sfedu.buildingconstruction.api.DataProviderCSVTest" time="0.081"/>
  <testcase name="testUpdateBuildingNegative" classname="ru.sfedu.buildingconstruction.api.DataProviderCSVTest" time="0.002"/>
  <testcase name="testAddWorkerNegative" classname="ru.sfedu.buildingconstruction.api.DataProviderCSVTest" time="0.038"/>
  <testcase name="testGetAllWorkerRecordsNegative" classname="ru.sfedu.buildingconstruction.api.DataProviderCSVTest" time="0"/>
  <testcase name="testGetAllGarageRecordsPositive" classname="ru.sfedu.buildingconstruction.api.DataProviderCSVTest" time="0.25"/>
  <testcase name="testGetAllMaterialRecordsPositive" classname="ru.sfedu.buildingconstruction.api.DataProviderCSVTest" time="0.065"/>
  <testcase name="calculationCostOfJobPositive" classname="ru.sfedu.buildingconstruction.api.DataProviderCSVTest" time="0.021"/>
  <testcase name="testGetAllClientRecordsPositive" classname="ru.sfedu.buildingconstruction.api.DataProviderCSVTest" time="0.055"/>
  <testcase name="testGetAllGarageRecordsNegative" classname="ru.sfedu.buildingconstruction.api.DataProviderCSVTest" time="0.002"/>
  <testcase name="testGetAllMaterialRecordsNegative" classname="ru.sfedu.buildingconstruction.api.DataProviderCSVTest" time="0.001"/>
  <testcase name="calculationCostOfJobNegative" classname="ru.sfedu.buildingconstruction.api.DataProviderCSVTest" time="0.001"/>
  <testcase name="testDeleteConstructionEquipmentPositive" classname="ru.sfedu.buildingconstruction.api.DataProviderCSVTest" time="0.037"/>
  <testcase name="preparationOfConstructionPlanPositive" classname="ru.sfedu.buildingconstruction.api.DataProviderCSVTest" time="0.566"/>
  <testcase name="testGetAllClientRecordsNegative" classname="ru.sfedu.buildingconstruction.api.DataProviderCSVTest" time="0.002"/>
  <testcase name="testGetAllConstructionEquipmentsRecordsNegative" classname="ru.sfedu.buildingconstruction.api.DataProviderCSVTest" time="0.002"/>
  <testcase name="testDeleteConstructionEquipmentNegative" classname="ru.sfedu.buildingconstruction.api.DataProviderCSVTest" time="0.005"/>
  <testcase name="preparationOfConstructionPlanNegative" classname="ru.sfedu.buildingconstruction.api.DataProviderCSVTest" time="0.002"/>
  <testcase name="testGetBuildingNegative" classname="ru.sfedu.buildingconstruction.api.DataProviderCSVTest" time="0.002"/>
  <testcase name="testGetAllConstructionEquipmentRecordsPositive" classname="ru.sfedu.buildingconstruction.api.DataProviderCSVTest" time="0.078"/>
  <testcase name="testGetAllHouseRecordsPositive" classname="ru.sfedu.buildingconstruction.api.DataProviderCSVTest" time="0.195"/>
  <testcase name="testGetConstructionEquipmentNegative" classname="ru.sfedu.buildingconstruction.api.DataProviderCSVTest" time="0.02"/>
  <testcase name="testUpdateWorkerPositive" classname="ru.sfedu.buildingconstruction.api.DataProviderCSVTest" time="0.036"/>
  <testcase name="testGetAllHouseRecordsNegative" classname="ru.sfedu.buildingconstruction.api.DataProviderCSVTest" time="0.002"/>
  <testcase name="testGetConstructionEquiomentPositive" classname="ru.sfedu.buildingconstruction.api.DataProviderCSVTest" time="0.021"/>
  <testcase name="distributionOfWorkersPositive" classname="ru.sfedu.buildingconstruction.api.DataProviderCSVTest" time="0.091"/>
  <testcase name="selectionOfMaterialsPositive" classname="ru.sfedu.buildingconstruction.api.DataProviderCSVTest" time="0.042"/>
  <testcase name="testAddMaterialPositive" classname="ru.sfedu.buildingconstruction.api.DataProviderCSVTest" time="0.025"/>
  <testcase name="testUpdateWorkerNegative" classname="ru.sfedu.buildingconstruction.api.DataProviderCSVTest" time="0.006"/>
  <testcase name="distributionOfWorkersNegative" classname="ru.sfedu.buildingconstruction.api.DataProviderCSVTest" time="0.001"/>
  <testcase name="selectionOfMaterialsNegative" classname="ru.sfedu.buildingconstruction.api.DataProviderCSVTest" time="0.005"/>
  <testcase name="testAddMaterialNegative" classname="ru.sfedu.buildingconstruction.api.DataProviderCSVTest" time="0.026"/>
  <testcase name="testGetWorkerPositive" classname="ru.sfedu.buildingconstruction.api.DataProviderCSVTest" time="0.025"/>
  <testcase name="testGetAllApartmentHouseRecordsPositive" classname="ru.sfedu.buildingconstruction.api.DataProviderCSVTest" time="0.241"/>
  <testcase name="testAddGaragePositive" classname="ru.sfedu.buildingconstruction.api.DataProviderCSVTest" time="0.21"/>
  <testcase name="testUpdateWorkerToAnExistingRecord" classname="ru.sfedu.buildingconstruction.api.DataProviderCSVTest" time="0.048"/>
  <testcase name="testGetWorkerNegative" classname="ru.sfedu.buildingconstruction.api.DataProviderCSVTest" time="0.038"/>
  <testcase name="testDeleteWorkerPositive" classname="ru.sfedu.buildingconstruction.api.DataProviderCSVTest" time="0.047"/>
  <testcase name="testGetAllApartmentHouseRecordsNegative" classname="ru.sfedu.buildingconstruction.api.DataProviderCSVTest" time="0.002"/>
  <testcase name="testAddGarageNegative" classname="ru.sfedu.buildingconstruction.api.DataProviderCSVTest" time="0.31"/>
  <testcase name="testDeleteWorkerNegative" classname="ru.sfedu.buildingconstruction.api.DataProviderCSVTest" time="0.005"/>
  <testcase name="testUpdateHouseToAnExistingRecord" classname="ru.sfedu.buildingconstruction.api.DataProviderCSVTest" time="0.544"/>
  <testcase name="testUpdateGarageToAnExistingRecord" classname="ru.sfedu.buildingconstruction.api.DataProviderCSVTest" time="0.777"/>
  <testcase name="testUpdateConstructionEquipmentPositive" classname="ru.sfedu.buildingconstruction.api.DataProviderCSVTest" time="0.034"/>
  <testcase name="testGetHousePositive" classname="ru.sfedu.buildingconstruction.api.DataProviderCSVTest" time="0.446"/>
  <testcase name="testAddClientPositive" classname="ru.sfedu.buildingconstruction.api.DataProviderCSVTest" time="0.017"/>
  <testcase name="testUpdateConstructionEquipmentNegative" classname="ru.sfedu.buildingconstruction.api.DataProviderCSVTest" time="0.004"/>
  <testcase name="testDeleteApartmentHousePositive" classname="ru.sfedu.buildingconstruction.api.DataProviderCSVTest" time="0.433"/>
  <testcase name="testDeleteHousePositive" classname="ru.sfedu.buildingconstruction.api.DataProviderCSVTest" time="1.009"/>
  <testcase name="testAddBuildingNegative" classname="ru.sfedu.buildingconstruction.api.DataProviderCSVTest" time="0.002"/>
  <testcase name="coordinationOfConstructionTermsPositive" classname="ru.sfedu.buildingconstruction.api.DataProviderCSVTest" time="0.001"/>
  <testcase name="testGetHouseNegative" classname="ru.sfedu.buildingconstruction.api.DataProviderCSVTest" time="0.468"/>
  <testcase name="testAddClientNegative" classname="ru.sfedu.buildingconstruction.api.DataProviderCSVTest" time="0.031"/>
  <testcase name="calculationOfTheTotalCostPositive" classname="ru.sfedu.buildingconstruction.api.DataProviderCSVTest" time="0.083"/>
  <testcase name="testUpdateClientToAnExistingRecord" classname="ru.sfedu.buildingconstruction.api.DataProviderCSVTest" time="0.048"/>
  <testcase name="testDeleteApartmentHouseNegative" classname="ru.sfedu.buildingconstruction.api.DataProviderCSVTest" time="0.105"/>
  <testcase name="testDeleteHouseNegative" classname="ru.sfedu.buildingconstruction.api.DataProviderCSVTest" time="0.207"/>
  <testcase name="coordinationOfConstructionTermsNegative" classname="ru.sfedu.buildingconstruction.api.DataProviderCSVTest" time="0.001"/>
  <testcase name="testUpdateHousePositive" classname="ru.sfedu.buildingconstruction.api.DataProviderCSVTest" time="1.04"/>
  <testcase name="testGetApartmentHousePositive" classname="ru.sfedu.buildingconstruction.api.DataProviderCSVTest" time="0.197"/>
  <testcase name="calculationOfTheTotalCostNegative" classname="ru.sfedu.buildingconstruction.api.DataProviderCSVTest" time="0.001"/>
  <testcase name="selectionOfEngineeringSystemsPositive" classname="ru.sfedu.buildingconstruction.api.DataProviderCSVTest" time="0.001"/>
  <testcase name="testUpdateGaragePositive" classname="ru.sfedu.buildingconstruction.api.DataProviderCSVTest" time="0.922"/>
  <testcase name="testUpdateHouseNegative" classname="ru.sfedu.buildingconstruction.api.DataProviderCSVTest" time="0.317"/>
  <testcase name="testGetApartmentHouseNegative" classname="ru.sfedu.buildingconstruction.api.DataProviderCSVTest" time="0.42"/>
  <testcase name="selectionOfEngineeringSystemsNegative" classname="ru.sfedu.buildingconstruction.api.DataProviderCSVTest" time="0.002"/>
  <testcase name="testUpdateGarageNegative" classname="ru.sfedu.buildingconstruction.api.DataProviderCSVTest" time="0.247"/>
  <testcase name="preparationForBuildingPositive" classname="ru.sfedu.buildingconstruction.api.DataProviderCSVTest" time="0.863"/>
  <testcase name="testDeleteMaterialPositive" classname="ru.sfedu.buildingconstruction.api.DataProviderCSVTest" time="0.027"/>
  <testcase name="preparationForBuildingNegative" classname="ru.sfedu.buildingconstruction.api.DataProviderCSVTest" time="0.007"/>
  <testcase name="testUpdateMaterialPositive" classname="ru.sfedu.buildingconstruction.api.DataProviderCSVTest" time="0.033"/>
  <testcase name="testAddHousePositive" classname="ru.sfedu.buildingconstruction.api.DataProviderCSVTest" time="0.522"/>
  <testcase name="testDeleteMaterialNegative" classname="ru.sfedu.buildingconstruction.api.DataProviderCSVTest" time="0.006"/>
  <testcase name="testGetGaragePositive" classname="ru.sfedu.buildingconstruction.api.DataProviderCSVTest" time="0.555"/>
  <testcase name="testUpdateClientPositive" classname="ru.sfedu.buildingconstruction.api.DataProviderCSVTest" time="0.028"/>
  <testcase name="testUpdateMaterialNegative" classname="ru.sfedu.buildingconstruction.api.DataProviderCSVTest" time="0.004"/>
  <testcase name="testAddHouseNegative" classname="ru.sfedu.buildingconstruction.api.DataProviderCSVTest" time="0.65"/>
</testsuite>