<?xml version="1.0" encoding="UTF-8"?>
<testsuite xmlns:xsi="http://www.w3.org/2001/XMLSchema-instance" xsi:noNamespaceSchemaLocation="https://maven.apache.org/surefire/maven-surefire-plugin/xsd/surefire-test-report.xsd" name="ru.sfedu.buildingconstruction.api.DataProviderXMLTest" time="19.086" tests="103" errors="0" skipped="0" failures="0">
  <properties>
[...]
</properties>
  <testcase name="testGetGarageNegative" classname="ru.sfedu.buildingconstruction.api.DataProviderXMLTest" time="0.327"/>
  <testcase name="testUpdateClientNegative" classname="ru.sfedu.buildingconstruction.api.DataProviderXMLTest" time="0.032"/>
  <testcase name="testDeleteGaragePositive" classname="ru.sfedu.buildingconstruction.api.DataProviderXMLTest" time="0.675"/>
  <testcase name="calculationCostOfMaterialsPositive" classname="ru.sfedu.buildingconstruction.api.DataProviderXMLTest" time="0.057"/>
  <testcase name="testUpdateApartmentHouseToAnExistingRecord" classname="ru.sfedu.buildingconstruction.api.DataProviderXMLTest" time="0.337"/>
  <testcase name="testUpdateMaterialToAnExistingRecord" classname="ru.sfedu.buildingconstruction.api.DataProviderXMLTest" time="0.182"/>
  <testcase name="testDeleteGarageNegative" classname="ru.sfedu.buildingconstruction.api.DataProviderXMLTest" time="0.083"/>
  <testcase name="testAddConstructionEquipmentPositive" classname="ru.sfedu.buildingconstruction.api.DataProviderXMLTest" time="0.107"/>
  <testcase name="calculationCostOfMaterialsNegative" classname="ru.sfedu.buildingconstruction.api.DataProviderXMLTest" time="0.007"/>
  <testcase name="testUpdateApartmentHousePositive" classname="ru.sfedu.buildingconstruction.api.DataProviderXMLTest" time="0.675"/>
  <testcase name="testAddApartmentHousePositive" classname="ru.sfedu.buildingconstruction.api.DataProviderXMLTest" time="0.311"/>
  <testcase name="calculationCostOfConstructionEquipmentPositive" classname="ru.sfedu.buildingconstruction.api.DataProviderXMLTest" time="0.042"/>
  <testcase name="testGetMaterialPositive" classname="ru.sfedu.buildingconstruction.api.DataProviderXMLTest" time="0.043"/>
  <testcase name="testAddConstructionEquipmentNegative" classname="ru.sfedu.buildingconstruction.api.DataProviderXMLTest" time="0.079"/>
  <testcase name="testUpdateApartmentHouseNegative" classname="ru.sfedu.buildingconstruction.api.DataProviderXMLTest" time="0.203"/>
  <testcase name="distributionOfConstructionEquipmentPositive" classname="ru.sfedu.buildingconstruction.api.DataProviderXMLTest" time="0.317"/>
  <testcase name="testGetClientPositive" classname="ru.sfedu.buildingconstruction.api.DataProviderXMLTest" time="0.076"/>
  <testcase name="testAddApartmentHouseNegative" classname="ru.sfedu.buildingconstruction.api.DataProviderXMLTest" time="0.648"/>
  <testcase name="testUpdateConstructionEquipmentToAnExistingRecord" classname="ru.sfedu.buildingconstruction.api.DataProviderXMLTest" time="0.126"/>
  <testcase name="calculationCostOfConstructionEquipmentNegative" classname="ru.sfedu.buildingconstruction.api.DataProviderXMLTest" time="0.003"/>
  <testcase name="testGetMaterialNegative" classname="ru.sfedu.buildingconstruction.api.DataProviderXMLTest" time="0.066"/>
  <testcase name="distributionOfConstructionEquipmentNegative" classname="ru.sfedu.buildingconstruction.api.DataProviderXMLTest" time="0.013"/>
  <testcase name="testGetClientNegative" classname="ru.sfedu.buildingconstruction.api.DataProviderXMLTest" time="0.058"/>
  <testcase name="testDeleteClientPositive" classname="ru.sfedu.buildingconstruction.api.DataProviderXMLTest" time="0.101"/>
  <testcase name="testAddWorkerPositive" classname="ru.sfedu.buildingconstruction.api.DataProviderXMLTest" time="0.059"/>
  <testcase name="testDeleteBuildingNegative" classname="ru.sfedu.buildingconstruction.api.DataProviderXMLTest" time="0.005"/>
  <testcase name="testDeleteClientNegative" classname="ru.sfedu.buildingconstruction.api.DataProviderXMLTest" time="0.012"/>
  <testcase name="testGetAllWorkerRecordsPositive" classname="ru.sfedu.buildingconstruction.api.DataProviderXMLTest" time="0.166"/>
  <testcase name="testUpdateBuildingNegative" classname="ru.sfedu.buildingconstruction.api.DataProviderXMLTest" time="0.005"/>
  <testcase name="testAddWorkerNegative" classname="ru.sfedu.buildingconstruction.api.DataProviderXMLTest" time="0.079"/>
  <testcase name="testGetAllWorkerRecordsNegative" classname="ru.sfedu.buildingconstruction.api.DataProviderXMLTest" time="0.011"/>
  <testcase name="testGetAllGarageRecordsPositive" classname="ru.sfedu.buildingconstruction.api.DataProviderXMLTest" time="0.308"/>
  <testcase name="testGetAllMaterialRecordsPositive" classname="ru.sfedu.buildingconstruction.api.DataProviderXMLTest" time="0.205"/>
  <testcase name="calculationCostOfJobPositive" classname="ru.sfedu.buildingconstruction.api.DataProviderXMLTest" time="0.056"/>
  <testcase name="testGetAllClientRecordsPositive" classname="ru.sfedu.buildingconstruction.api.DataProviderXMLTest" time="0.122"/>
  <testcase name="testGetAllGarageRecordsNegative" classname="ru.sfedu.buildingconstruction.api.DataProviderXMLTest" time="0.007"/>
  <testcase name="testGetAllMaterialRecordsNegative" classname="ru.sfedu.buildingconstruction.api.DataProviderXMLTest" time="0.009"/>
  <testcase name="calculationCostOfJobNegative" classname="ru.sfedu.buildingconstruction.api.DataProviderXMLTest" time="0.003"/>
  <testcase name="testDeleteConstructionEquipmentPositive" classname="ru.sfedu.buildingconstruction.api.DataProviderXMLTest" time="0.063"/>
  <testcase name="preparationOfConstructionPlanPositive" classname="ru.sfedu.buildingconstruction.api.DataProviderXMLTest" time="0.496"/>
  <testcase name="testGetAllClientRecordsNegative" classname="ru.sfedu.buildingconstruction.api.DataProviderXMLTest" time="0.009"/>
  <testcase name="testGetAllConstructionEquipmentsRecordsNegative" classname="ru.sfedu.buildingconstruction.api.DataProviderXMLTest" time="0.01"/>
  <testcase name="testDeleteConstructionEquipmentNegative" classname="ru.sfedu.buildingconstruction.api.DataProviderXMLTest" time="0.012"/>
  <testcase name="preparationOfConstructionPlanNegative" classname="ru.sfedu.buildingconstruction.api.DataProviderXMLTest" time="0.003"/>
  <testcase name="testGetBuildingNegative" classname="ru.sfedu.buildingconstruction.api.DataProviderXMLTest" time="0.003"/>
  <testcase name="testGetAllConstructionEquipmentRecordsPositive" classname="ru.sfedu.buildingconstruction.api.DataProviderXMLTest" time="0.141"/>
  <testcase name="testGetAllHouseRecordsPositive" classname="ru.sfedu.buildingconstruction.api.DataProviderXMLTest" time="0.251"/>
  <testcase name="testGetConstructionEquipmentNegative" classname="ru.sfedu.buildingconstruction.api.DataProviderXMLTest" time="0.055"/>
  <testcase name="testUpdateWorkerPositive" classname="ru.sfedu.buildingconstruction.api.DataProviderXMLTest" time="0.073"/>
  <testcase name="testGetAllHouseRecordsNegative" classname="ru.sfedu.buildingconstruction.api.DataProviderXMLTest" time="0.006"/>
  <testcase name="testGetConstructionEquiomentPositive" classname="ru.sfedu.buildingconstruction.api.DataProviderXMLTest" time="0.06"/>
  <testcase name="distributionOfWorkersPositive" classname="ru.sfedu.buildingconstruction.api.DataProviderXMLTest" time="0.235"/>
  <testcase name="selectionOfMaterialsPositive" classname="ru.sfedu.buildingconstruction.api.DataProviderXMLTest" time="0.076"/>
  <testcase name="testAddMaterialPositive" classname="ru.sfedu.buildingconstruction.api.DataProviderXMLTest" time="0.036"/>
  <testcase name="testUpdateWorkerNegative" classname="ru.sfedu.buildingconstruction.api.DataProviderXMLTest" time="0.01"/>
  <testcase name="distributionOfWorkersNegative" classname="ru.sfedu.buildingconstruction.api.DataProviderXMLTest" time="0.006"/>
  <testcase name="selectionOfMaterialsNegative" classname="ru.sfedu.buildingconstruction.api.DataProviderXMLTest" time="0.011"/>
  <testcase name="testAddMaterialNegative" classname="ru.sfedu.buildingconstruction.api.DataProviderXMLTest" time="0.064"/>
  <testcase name="testGetWorkerPositive" classname="ru.sfedu.buildingconstruction.api.DataProviderXMLTest" time="0.042"/>
  <testcase name="testGetAllApartmentHouseRecordsPositive" classname="ru.sfedu.buildingconstruction.api.DataProviderXMLTest" time="0.2"/>
  <testcase name="testAddGaragePositive" classname="ru.sfedu.buildingconstruction.api.DataProviderXMLTest" time="0.264"/>
  <testcase name="testUpdateWorkerToAnExistingRecord" classname="ru.sfedu.buildingconstruction.api.DataProviderXMLTest" time="0.104"/>
  <testcase name="testGetWorkerNegative" classname="ru.sfedu.buildingconstruction.api.DataProviderXMLTest" time="0.051"/>
  <testcase name="testDeleteWorkerPositive" classname="ru.sfedu.buildingconstruction.api.DataProviderXMLTest" time="0.079"/>
  <testcase name="testGetAllApartmentHouseRecordsNegative" classname="ru.sfedu.buildingconstruction.api.DataProviderXMLTest" time="0.014"/>
  <testcase name="testAddGarageNegative" classname="ru.sfedu.buildingconstruction.api.DataProviderXMLTest" time="0.404"/>
  <testcase name="testDeleteWorkerNegative" classname="ru.sfedu.buildingconstruction.api.DataProviderXMLTest" time="0.014"/>
  <testcase name="testUpdateHouseToAnExistingRecord" classname="ru.sfedu.buildingconstruction.api.DataProviderXMLTest" time="0.367"/>
  <testcase name="testUpdateGarageToAnExistingRecord" classname="ru.sfedu.buildingconstruction.api.DataProviderXMLTest" time="0.806"/>
  <testcase name="testUpdateConstructionEquipmentPositive" classname="ru.sfedu.buildingconstruction.api.DataProviderXMLTest" time="0.103"/>
  <testcase name="testGetHousePositive" classname="ru.sfedu.buildingconstruction.api.DataProviderXMLTest" time="0.385"/>
  <testcase name="testAddClientPositive" classname="ru.sfedu.buildingconstruction.api.DataProviderXMLTest" time="0.048"/>
  <testcase name="testUpdateConstructionEquipmentNegative" classname="ru.sfedu.buildingconstruction.api.DataProviderXMLTest" time="0.009"/>
  <testcase name="testDeleteApartmentHousePositive" classname="ru.sfedu.buildingconstruction.api.DataProviderXMLTest" time="0.398"/>
  <testcase name="testDeleteHousePositive" classname="ru.sfedu.buildingconstruction.api.DataProviderXMLTest" time="0.759"/>
  <testcase name="testAddBuildingNegative" classname="ru.sfedu.buildingconstruction.api.DataProviderXMLTest" time="0.003"/>
  <testcase name="coordinationOfConstructionTermsPositive" classname="ru.sfedu.buildingconstruction.api.DataProviderXMLTest" time="0.007"/>
  <testcase name="testGetHouseNegative" classname="ru.sfedu.buildingconstruction.api.DataProviderXMLTest" time="0.323"/>
  <testcase name="testAddClientNegative" classname="ru.sfedu.buildingconstruction.api.DataProviderXMLTest" time="0.046"/>
  <testcase name="calculationOfTheTotalCostPositive" classname="ru.sfedu.buildingconstruction.api.DataProviderXMLTest" time="0.083"/>
  <testcase name="testUpdateClientToAnExistingRecord" classname="ru.sfedu.buildingconstruction.api.DataProviderXMLTest" time="0.088"/>
  <testcase name="testDeleteApartmentHouseNegative" classname="ru.sfedu.buildingconstruction.api.DataProviderXMLTest" time="0.065"/>
  <testcase name="testDeleteHouseNegative" classname="ru.sfedu.buildingconstruction.api.DataProviderXMLTest" time="0.199"/>
  <testcase name="coordinationOfConstructionTermsNegative" classname="ru.sfedu.buildingconstruction.api.DataProviderXMLTest" time="0.002"/>
  <testcase name="testUpdateHousePositive" classname="ru.sfedu.buildingconstruction.api.DataProviderXMLTest" time="0.706"/>
  <testcase name="testGetApartmentHousePositive" classname="ru.sfedu.buildingconstruction.api.DataProviderXMLTest" time="0.167"/>
  <testcase name="calculationOfTheTotalCostNegative" classname="ru.sfedu.buildingconstruction.api.DataProviderXMLTest" time="0.002"/>
  <testcase name="selectionOfEngineeringSystemsPositive" classname="ru.sfedu.buildingconstruction.api.DataProviderXMLTest" time="0.004"/>
  <testcase name="testUpdateGaragePositive" classname="ru.sfedu.buildingconstruction.api.DataProviderXMLTest" time="0.604"/>
  <testcase name="testUpdateHouseNegative" classname="ru.sfedu.buildingconstruction.api.DataProviderXMLTest" time="0.186"/>
  <testcase name="testGetApartmentHouseNegative" classname="ru.sfedu.buildingconstruction.api.DataProviderXMLTest" time="0.253"/>
  <testcase name="selectionOfEngineeringSystemsNegative" classname="ru.sfedu.buildingconstruction.api.DataProviderXMLTest" time="0.003"/>
  <testcase name="testUpdateGarageNegative" classname="ru.sfedu.buildingconstruction.api.DataProviderXMLTest" time="0.225"/>
  <testcase name="preparationForBuildingPositive" classname="ru.sfedu.buildingconstruction.api.DataProviderXMLTest" time="0.608"/>
  <testcase name="testDeleteMaterialPositive" classname="ru.sfedu.buildingconstruction.api.DataProviderXMLTest" time="0.065"/>
  <testcase name="preparationForBuildingNegative" classname="ru.sfedu.buildingconstruction.api.DataProviderXMLTest" time="0.022"/>
  <testcase name="testUpdateMaterialPositive" classname="ru.sfedu.buildingconstruction.api.DataProviderXMLTest" time="0.088"/>
  <testcase name="testAddHousePositive" classname="ru.sfedu.buildingconstruction.api.DataProviderXMLTest" time="0.516"/>
  <testcase name="testDeleteMaterialNegative" classname="ru.sfedu.buildingconstruction.api.DataProviderXMLTest" time="0.009"/>
  <testcase name="testGetGaragePositive" classname="ru.sfedu.buildingconstruction.api.DataProviderXMLTest" time="0.455"/>
  <testcase name="testUpdateClientPositive" classname="ru.sfedu.buildingconstruction.api.DataProviderXMLTest" time="0.066"/>
  <testcase name="testUpdateMaterialNegative" classname="ru.sfedu.buildingconstruction.api.DataProviderXMLTest" time="0.009"/>
  <testcase name="testAddHouseNegative" classname="ru.sfedu.buildingconstruction.api.DataProviderXMLTest" time="0.464"/>
</testsuite>